22 January 2024 20:39:45 ->	Конфиг загружен
22 January 2024 20:39:45 ->	Дескриптор логгера запущен
22 January 2024 20:39:45 ->	Запуск дескриптора Google Drive
22 January 2024 20:39:45 ->	Запуск дескриптора Excel
22 January 2024 20:39:45 ->	Запуск дескриптора получения логов
22 January 2024 20:39:45 ->	Запуск SSH дескриптора
22 January 2024 20:39:45 ->	Старт программы!
22 January 2024 20:39:45 ->	Запуск загрузчика

22 January 2024 20:39:45 ->	Цикл начат
22 January 2024 20:39:45 ->	Запуск реформатирования лога
22 January 2024 20:39:45 ->	Получение лога
22 January 2024 20:39:45 ->	Реформатирование лога завершено
22 January 2024 20:39:45 ->	Запуск функции преобразования логов
22 January 2024 20:39:45 ->	Функция преобразования завершила работу
22 January 2024 20:39:45 ->	Завершено первичное преобразование
22 January 2024 20:39:45 ->	ID файла найден. Начато обновление
22 January 2024 20:39:45 ->	Перепроверка обноваления файла
22 January 2024 20:39:45 ->	Попытка исправить ситуацию автоматически
22 January 2024 20:39:45 ->	Ошибка! Исправление требует вмешательство!
22 January 2024 20:39:45 ->	ID файла найден. Начинается обновление файла
22 January 2024 20:39:45 ->	Файл обновлён
22 January 2024 20:39:45 ->	Файл не обновлён. Попытка автоматического исправления
22 January 2024 20:39:45 ->	Неизвестная ошибка! Требуется вмешательство человека
22 January 2024 20:39:45 ->	Сохранение лога...
22 January 2024 20:39:45 ->	Цикл был завершён. Ожидание...

22 January 2024 20:40:15 ->	Цикл начат
22 January 2024 20:40:15 ->	Запуск реформатирования лога
22 January 2024 20:40:15 ->	Получение лога
22 January 2024 20:40:15 ->	Реформатирование лога завершено
22 January 2024 20:40:15 ->	Запуск функции преобразования логов
22 January 2024 20:40:15 ->	Функция преобразования завершила работу
22 January 2024 20:40:15 ->	Завершено первичное преобразование
22 January 2024 20:40:15 ->	ID файла найден. Начато обновление
22 January 2024 20:40:15 ->	Перепроверка обноваления файла
22 January 2024 20:40:15 ->	Попытка исправить ситуацию автоматически
22 January 2024 20:40:15 ->	Ошибка! Исправление требует вмешательство!
22 January 2024 20:40:15 ->	ID файла найден. Начинается обновление файла
22 January 2024 20:40:15 ->	Файл обновлён
22 January 2024 20:40:15 ->	Файл не обновлён. Попытка автоматического исправления
22 January 2024 20:40:15 ->	Неизвестная ошибка! Требуется вмешательство человека
22 January 2024 20:40:15 ->	Сохранение лога...
22 January 2024 20:40:15 ->	Цикл был завершён. Ожидание...

22 January 2024 20:40:45 ->	Цикл начат
22 January 2024 20:40:45 ->	Запуск реформатирования лога
22 January 2024 20:40:45 ->	Получение лога
22 January 2024 20:40:45 ->	Реформатирование лога завершено
22 January 2024 20:40:45 ->	Запуск функции преобразования логов
22 January 2024 20:40:45 ->	Функция преобразования завершила работу
22 January 2024 20:40:45 ->	Завершено первичное преобразование
22 January 2024 20:40:45 ->	ID файла найден. Начато обновление
22 January 2024 20:40:45 ->	Перепроверка обноваления файла
22 January 2024 20:40:45 ->	Попытка исправить ситуацию автоматически
22 January 2024 20:40:45 ->	Ошибка! Исправление требует вмешательство!
22 January 2024 20:40:45 ->	ID файла найден. Начинается обновление файла
22 January 2024 20:40:45 ->	Файл обновлён
22 January 2024 20:40:45 ->	Файл не обновлён. Попытка автоматического исправления
22 January 2024 20:40:45 ->	Неизвестная ошибка! Требуется вмешательство человека
22 January 2024 20:40:45 ->	Сохранение лога...
22 January 2024 20:40:45 ->	Цикл был завершён. Ожидание...

22 January 2024 20:41:41 ->	Конфиг загружен
22 January 2024 20:41:41 ->	Дескриптор логгера запущен
22 January 2024 20:41:41 ->	Запуск дескриптора Google Drive
22 January 2024 20:41:41 ->	Запуск дескриптора Excel
22 January 2024 20:41:41 ->	Запуск дескриптора получения логов
22 January 2024 20:41:41 ->	Запуск SSH дескриптора
22 January 2024 20:41:41 ->	Старт программы!
22 January 2024 20:41:41 ->	Запуск загрузчика

22 January 2024 20:41:41 ->	Цикл начат
22 January 2024 20:41:41 ->	Запуск реформатирования лога
22 January 2024 20:41:41 ->	Получение лога
22 January 2024 20:41:41 ->	Реформатирование лога завершено
22 January 2024 20:41:41 ->	Запуск функции преобразования логов
22 January 2024 20:41:41 ->	Функция преобразования завершила работу
22 January 2024 20:41:41 ->	Завершено первичное преобразование
22 January 2024 20:41:41 ->	ID файла найден. Начато обновление
22 January 2024 20:41:41 ->	Перепроверка обноваления файла
22 January 2024 20:41:41 ->	Попытка исправить ситуацию автоматически
22 January 2024 20:41:41 ->	Ошибка! Исправление требует вмешательство!
22 January 2024 20:41:41 ->	ID файла найден. Начинается обновление файла
22 January 2024 20:41:41 ->	Файл обновлён
22 January 2024 20:41:41 ->	Файл не обновлён. Попытка автоматического исправления
22 January 2024 20:41:41 ->	Неизвестная ошибка! Требуется вмешательство человека
22 January 2024 20:41:41 ->	Сохранение лога...
22 January 2024 20:41:41 ->	Цикл был завершён. Ожидание...

22 January 2024 20:42:11 ->	Цикл начат
22 January 2024 20:42:11 ->	Запуск реформатирования лога
22 January 2024 20:42:11 ->	Получение лога
22 January 2024 20:42:11 ->	Реформатирование лога завершено
22 January 2024 20:42:11 ->	Запуск функции преобразования логов
22 January 2024 20:42:11 ->	Функция преобразования завершила работу
22 January 2024 20:42:11 ->	Завершено первичное преобразование
22 January 2024 20:42:11 ->	ID файла найден. Начато обновление
22 January 2024 20:42:11 ->	Перепроверка обноваления файла
22 January 2024 20:42:11 ->	Попытка исправить ситуацию автоматически
22 January 2024 20:42:11 ->	Ошибка! Исправление требует вмешательство!
22 January 2024 20:42:11 ->	ID файла найден. Начинается обновление файла
22 January 2024 20:42:11 ->	Файл обновлён
22 January 2024 20:42:11 ->	Файл не обновлён. Попытка автоматического исправления
22 January 2024 20:42:11 ->	Неизвестная ошибка! Требуется вмешательство человека
22 January 2024 20:42:11 ->	Сохранение лога...
22 January 2024 20:42:11 ->	Цикл был завершён. Ожидание...

28 January 2024 10:03:59 ->	Конфиг загружен
28 January 2024 10:03:59 ->	Дескриптор логгера запущен
28 January 2024 10:03:59 ->	Запуск дескриптора Google Drive
28 January 2024 10:03:59 ->	Запуск дескриптора Excel
28 January 2024 10:03:59 ->	Запуск дескриптора получения логов
28 January 2024 10:03:59 ->	Запуск SSH дескриптора
28 January 2024 10:03:59 ->	Старт программы!
28 January 2024 10:03:59 ->	Запуск загрузчика

28 January 2024 10:03:59 ->	Цикл начат
28 January 2024 10:03:59 ->	Запуск реформатирования лога
28 January 2024 10:03:59 ->	Получение лога
28 January 2024 10:03:59 ->	Реформатирование лога завершено
28 January 2024 10:03:59 ->	Запуск функции преобразования логов
28 January 2024 10:03:59 ->	Функция преобразования завершила работу
28 January 2024 10:04:00 ->	Завершено первичное преобразование
28 January 2024 10:04:00 ->	ID файла не найдено. Начинается загрузка excel файла
28 January 2024 10:04:00 ->	Excel файл загружен
28 January 2024 10:04:00 ->	Перезагрузка конфига
28 January 2024 10:04:00 ->	Загрузка excel файла завершена
28 January 2024 10:04:00 ->	ID лог файла не найдено. Начата загрузка
28 January 2024 10:04:00 ->	Загрузка завершена
28 January 2024 10:04:00 ->	Перезагрузка конфига
28 January 2024 10:04:00 ->	Загрузка лога событий завершена
28 January 2024 10:04:00 ->	ID лог файла не найдено. Начата загрузка
28 January 2024 10:04:00 ->	Загрузка завершена
28 January 2024 10:04:00 ->	Перезагрузка конфига
28 January 2024 10:04:00 ->	Загрузка лога роутера
28 January 2024 10:04:00 ->	Сохранение лога с SSH сервера
28 January 2024 10:04:00 ->	Цикл был завершён. Ожидание...

28 January 2024 10:04:30 ->	Цикл начат
28 January 2024 10:04:30 ->	Запуск реформатирования лога
28 January 2024 10:04:30 ->	Получение лога
28 January 2024 10:04:30 ->	Реформатирование лога завершено
28 January 2024 10:04:30 ->	Запуск функции преобразования логов
28 January 2024 10:04:30 ->	Функция преобразования завершила работу
28 January 2024 10:04:30 ->	Завершено первичное преобразование
28 January 2024 10:04:30 ->	ID файла найден. Начато обновление
28 January 2024 10:04:30 ->	Перепроверка обноваления файла
28 January 2024 10:04:30 ->	Попытка исправить ситуацию автоматически
28 January 2024 10:04:30 ->	Ошибка! Исправление требует вмешательство!
28 January 2024 10:04:30 ->	Загрузка excel файла завершена
28 January 2024 10:04:30 ->	ID файла найден. Начинается обновление файла
28 January 2024 10:04:30 ->	Файл обновлён
28 January 2024 10:04:30 ->	Файл не обновлён. Попытка автоматического исправления
28 January 2024 10:04:30 ->	Неизвестная ошибка! Требуется вмешательство человека
28 January 2024 10:04:30 ->	Загрузка лога событий завершена
28 January 2024 10:04:30 ->	ID файла найден. Начинается обновление файла
28 January 2024 10:04:30 ->	Файл обновлён
28 January 2024 10:04:30 ->	Файл не обновлён. Попытка автоматического исправления
28 January 2024 10:04:30 ->	Неизвестная ошибка! Требуется вмешательство человека
28 January 2024 10:04:30 ->	Загрузка лога роутера
28 January 2024 10:04:30 ->	Сохранение лога с SSH сервера
28 January 2024 10:04:30 ->	Цикл был завершён. Ожидание...

28 January 2024 22:37:47 ->	Конфиг загружен
28 January 2024 22:37:47 ->	Дескриптор логгера запущен
28 January 2024 22:37:47 ->	Запуск дескриптора Google Drive
28 January 2024 22:37:50 ->	Запуск дескриптора Excel
28 January 2024 22:37:50 ->	Запуск дескриптора получения логов
28 January 2024 22:37:50 ->	Запуск SSH дескриптора
28 January 2024 22:37:50 ->	Старт программы!
28 January 2024 22:37:50 ->	Запуск загрузчика

28 January 2024 22:37:50 ->	Цикл начат
28 January 2024 22:37:50 ->	Запуск реформатирования лога
28 January 2024 22:37:50 ->	Получение лога
28 January 2024 22:37:50 ->	Реформатирование лога завершено
28 January 2024 22:37:50 ->	Запуск функции преобразования логов
28 January 2024 22:37:50 ->	Функция преобразования завершила работу
28 January 2024 22:37:50 ->	Завершено первичное преобразование
28 January 2024 22:37:50 ->	ID файла найден. Начато обновление
28 January 2024 22:37:51 ->	Перепроверка обноваления файла
28 January 2024 22:37:53 ->	Попытка исправить ситуацию автоматически
28 January 2024 22:37:53 ->	Исправление успешно применено
28 January 2024 22:37:54 ->	Загрузка excel файла завершена
28 January 2024 22:37:54 ->	ID файла найден. Начинается обновление файла
28 January 2024 22:37:54 ->	Файл обновлён
28 January 2024 22:37:56 ->	Файл не обновлён. Попытка автоматического исправления
28 January 2024 22:37:56 ->	Исправление применено
28 January 2024 22:37:58 ->	Загрузка лога событий завершена
28 January 2024 22:37:58 ->	ID файла найден. Начинается обновление файла
28 January 2024 22:37:58 ->	Файл обновлён
28 January 2024 22:38:00 ->	Файл не обновлён. Попытка автоматического исправления
28 January 2024 22:38:00 ->	Исправление применено
28 January 2024 22:38:01 ->	Загрузка лога роутера
28 January 2024 22:38:01 ->	Сохранение лога с SSH сервера
28 January 2024 22:38:01 ->	Цикл был завершён. Ожидание...

28 January 2024 22:38:31 ->	Цикл начат
28 January 2024 22:38:31 ->	Запуск реформатирования лога
28 January 2024 22:38:31 ->	Получение лога
28 January 2024 22:38:31 ->	Реформатирование лога завершено
28 January 2024 22:38:31 ->	Запуск функции преобразования логов
28 January 2024 22:38:31 ->	Функция преобразования завершила работу
28 January 2024 22:38:32 ->	Завершено первичное преобразование
28 January 2024 22:38:32 ->	ID файла найден. Начато обновление
28 January 2024 22:38:34 ->	Перепроверка обноваления файла
28 January 2024 22:43:33 ->	Конфиг загружен
28 January 2024 22:43:33 ->	Дескриптор логгера запущен
28 January 2024 22:43:33 ->	Запуск дескриптора Google Drive
28 January 2024 22:43:36 ->	Запуск дескриптора Excel
28 January 2024 22:43:36 ->	Запуск дескриптора получения логов
28 January 2024 22:43:36 ->	Запуск SSH дескриптора
28 January 2024 22:43:36 ->	Старт программы!
28 January 2024 22:43:36 ->	Запуск загрузчика

28 January 2024 22:43:36 ->	Цикл начат
28 January 2024 22:43:36 ->	Запуск реформатирования лога
28 January 2024 22:43:36 ->	Получение лога
28 January 2024 22:43:36 ->	Реформатирование лога завершено
28 January 2024 22:43:36 ->	Запуск функции преобразования логов
28 January 2024 22:43:36 ->	Функция преобразования завершила работу
28 January 2024 22:43:36 ->	Завершено первичное преобразование
28 January 2024 22:43:36 ->	ID файла не найдено. Начинается загрузка excel файла
28 January 2024 22:43:38 ->	Excel файл загружен
28 January 2024 22:43:38 ->	Перезагрузка конфига
28 January 2024 22:43:38 ->	Загрузка excel файла завершена
28 January 2024 22:43:38 ->	ID лог файла не найдено. Начата загрузка
28 January 2024 22:43:39 ->	Загрузка завершена
28 January 2024 22:43:39 ->	Перезагрузка конфига
28 January 2024 22:43:39 ->	Загрузка лога событий завершена
28 January 2024 22:43:39 ->	ID лог файла не найдено. Начата загрузка
28 January 2024 22:43:41 ->	Загрузка завершена
28 January 2024 22:43:41 ->	Перезагрузка конфига
28 January 2024 22:43:41 ->	Загрузка лога роутера
28 January 2024 22:43:41 ->	Сохранение лога с SSH сервера
28 January 2024 22:43:41 ->	Цикл был завершён. Ожидание...

